<?xml version="1.0" encoding="UTF-8"?>
<!-- Generated by org.testng.reporters.JUnitReportReporter -->
<testsuite skipped="0" hostname="DESKTOP-QJ6TVTA" name="MotorUX" tests="1" failures="0" timestamp="17 Jul 2021 11:39:08 GMT" time="0.012" errors="0">
  <testcase name="firstTest" time="0.012" classname="MotorUX"/>
</testsuite> <!-- MotorUX -->
